0 info it worked if it ends with ok
1 verbose cli [ 'node', '/usr/local/bin/npm', 'install', '-g', 'Foreman' ]
2 info using npm@1.4.25
3 info using node@v0.10.31
4 verbose node symlink /usr/local/bin/node
5 verbose cache add [ 'Foreman', null ]
6 verbose cache add name=undefined spec="Foreman" args=["Foreman",null]
7 verbose parsed url { protocol: null,
7 verbose parsed url   slashes: null,
7 verbose parsed url   auth: null,
7 verbose parsed url   host: null,
7 verbose parsed url   port: null,
7 verbose parsed url   hostname: null,
7 verbose parsed url   hash: null,
7 verbose parsed url   search: null,
7 verbose parsed url   query: null,
7 verbose parsed url   pathname: 'Foreman',
7 verbose parsed url   path: 'Foreman',
7 verbose parsed url   href: 'Foreman' }
8 silly lockFile edbf35c8-Foreman Foreman
9 verbose lock Foreman /Users/elanastroud/.npm/edbf35c8-Foreman.lock
10 silly lockFile edbf35c8-Foreman Foreman
11 silly lockFile edbf35c8-Foreman Foreman
12 verbose addNamed [ 'Foreman', '' ]
13 verbose addNamed [ null, '*' ]
14 silly lockFile f3e8a4ae-Foreman Foreman@
15 verbose lock Foreman@ /Users/elanastroud/.npm/f3e8a4ae-Foreman.lock
16 silly addNameRange { name: 'Foreman', range: '*', hasData: false }
17 verbose request where is /Foreman
18 verbose request registry https://registry.npmjs.org/
19 verbose request id 030fb9af2b392873
20 verbose url raw /Foreman
21 verbose url resolving [ 'https://registry.npmjs.org/', './Foreman' ]
22 verbose url resolved https://registry.npmjs.org/Foreman
23 verbose request where is https://registry.npmjs.org/Foreman
24 info trying registry request attempt 1 at 17:06:06
25 http GET https://registry.npmjs.org/Foreman
26 http 404 https://registry.npmjs.org/Foreman
27 verbose headers { date: 'Thu, 02 Oct 2014 21:06:07 GMT',
27 verbose headers   server: 'CouchDB/1.5.0 (Erlang OTP/R16B03)',
27 verbose headers   'content-type': 'application/json',
27 verbose headers   'cache-control': 'max-age=0',
27 verbose headers   'content-length': '52',
27 verbose headers   'accept-ranges': 'bytes',
27 verbose headers   via: '1.1 varnish',
27 verbose headers   age: '0',
27 verbose headers   'x-served-by': 'cache-iad2120-IAD',
27 verbose headers   'x-cache': 'MISS',
27 verbose headers   'x-cache-hits': '0',
27 verbose headers   'x-timer': 'S1412283966.976736,VS0,VE86',
27 verbose headers   'keep-alive': 'timeout=10, max=50',
27 verbose headers   connection: 'Keep-Alive' }
28 silly registry.get cb [ 404,
28 silly registry.get   { date: 'Thu, 02 Oct 2014 21:06:07 GMT',
28 silly registry.get     server: 'CouchDB/1.5.0 (Erlang OTP/R16B03)',
28 silly registry.get     'content-type': 'application/json',
28 silly registry.get     'cache-control': 'max-age=0',
28 silly registry.get     'content-length': '52',
28 silly registry.get     'accept-ranges': 'bytes',
28 silly registry.get     via: '1.1 varnish',
28 silly registry.get     age: '0',
28 silly registry.get     'x-served-by': 'cache-iad2120-IAD',
28 silly registry.get     'x-cache': 'MISS',
28 silly registry.get     'x-cache-hits': '0',
28 silly registry.get     'x-timer': 'S1412283966.976736,VS0,VE86',
28 silly registry.get     'keep-alive': 'timeout=10, max=50',
28 silly registry.get     connection: 'Keep-Alive' } ]
29 silly lockFile f3e8a4ae-Foreman Foreman@
30 silly lockFile f3e8a4ae-Foreman Foreman@
31 error 404 404 Not Found: Foreman
31 error 404
31 error 404 'Foreman' is not in the npm registry.
31 error 404 You should bug the author to publish it
31 error 404
31 error 404 Note that you can also install from a
31 error 404 tarball, folder, or http url, or git url.
32 error System Darwin 13.2.0
33 error command "node" "/usr/local/bin/npm" "install" "-g" "Foreman"
34 error cwd /Users/elanastroud/Desktop/DMC-QuestionOfTheDay
35 error node -v v0.10.31
36 error npm -v 1.4.25
37 error code E404
38 verbose exit [ 1, true ]
